[0.075s] DEBUG:colcon:Command line arguments: ['/usr/bin/colcon', 'build']
[0.075s] DEBUG:colcon:Parsed command line arguments: Namespace(log_base=None, log_level=None, verb_name='build', build_base='build', install_base='install', merge_install=False, symlink_install=False, test_result_base=None, continue_on_error=False, executor='parallel', parallel_workers=12, event_handlers=None, ignore_user_meta=False, metas=['./colcon.meta'], base_paths=['.'], packages_ignore=None, packages_ignore_regex=None, paths=None, packages_up_to=None, packages_up_to_regex=None, packages_above=None, packages_above_and_dependencies=None, packages_above_depth=None, packages_select_by_dep=None, packages_skip_by_dep=None, packages_skip_up_to=None, packages_select_build_failed=False, packages_skip_build_finished=False, packages_select_test_failures=False, packages_skip_test_passed=False, packages_select=None, packages_skip=None, packages_select_regex=None, packages_skip_regex=None, packages_start=None, packages_end=None, allow_overriding=[], cmake_args=None, cmake_target=None, cmake_target_skip_unavailable=False, cmake_clean_cache=False, cmake_clean_first=False, cmake_force_configure=False, ament_cmake_args=None, catkin_cmake_args=None, catkin_skip_building_tests=False, mixin_files=None, mixin=None, verb_parser=<colcon_mixin.mixin.mixin_argument.MixinArgumentDecorator object at 0x797d89237880>, verb_extension=<colcon_core.verb.build.BuildVerb object at 0x797d8934ace0>, main=<bound method BuildVerb.main of <colcon_core.verb.build.BuildVerb object at 0x797d8934ace0>>, mixin_verb=('build',))
[0.180s] Level 1:colcon.colcon_core.package_discovery:discover_packages(colcon_meta) check parameters
[0.180s] Level 1:colcon.colcon_core.package_discovery:discover_packages(recursive) check parameters
[0.180s] Level 1:colcon.colcon_core.package_discovery:discover_packages(ignore) check parameters
[0.180s] Level 1:colcon.colcon_core.package_discovery:discover_packages(path) check parameters
[0.180s] Level 1:colcon.colcon_core.package_discovery:discover_packages(colcon_meta) discover
[0.180s] Level 1:colcon.colcon_core.package_discovery:discover_packages(recursive) discover
[0.180s] INFO:colcon.colcon_core.package_discovery:Crawling recursively for packages in '/home/m/colcon_ws'
[0.180s] Level 1:colcon.colcon_core.package_identification:_identify(.) by extensions ['ignore', 'ignore_ament_install']
[0.180s] Level 1:colcon.colcon_core.package_identification:_identify(.) by extension 'ignore'
[0.180s] Level 1:colcon.colcon_core.package_identification:_identify(.) by extension 'ignore_ament_install'
[0.180s] Level 1:colcon.colcon_core.package_identification:_identify(.) by extensions ['colcon_pkg']
[0.180s] Level 1:colcon.colcon_core.package_identification:_identify(.) by extension 'colcon_pkg'
[0.181s] Level 1:colcon.colcon_core.package_identification:_identify(.) by extensions ['colcon_meta']
[0.181s] Level 1:colcon.colcon_core.package_identification:_identify(.) by extension 'colcon_meta'
[0.181s] Level 1:colcon.colcon_core.package_identification:_identify(.) by extensions ['ros']
[0.181s] Level 1:colcon.colcon_core.package_identification:_identify(.) by extension 'ros'
[0.187s] Level 1:colcon.colcon_core.package_identification:_identify(.) by extensions ['cmake', 'python']
[0.187s] Level 1:colcon.colcon_core.package_identification:_identify(.) by extension 'cmake'
[0.187s] Level 1:colcon.colcon_core.package_identification:_identify(.) by extension 'python'
[0.187s] Level 1:colcon.colcon_core.package_identification:_identify(.) by extensions ['python_setup_py']
[0.187s] Level 1:colcon.colcon_core.package_identification:_identify(.) by extension 'python_setup_py'
[0.188s] Level 1:colcon.colcon_core.package_identification:_identify(build) by extensions ['ignore', 'ignore_ament_install']
[0.188s] Level 1:colcon.colcon_core.package_identification:_identify(build) by extension 'ignore'
[0.188s] Level 1:colcon.colcon_core.package_identification:_identify(build) ignored
[0.188s] Level 1:colcon.colcon_core.package_identification:_identify(install) by extensions ['ignore', 'ignore_ament_install']
[0.188s] Level 1:colcon.colcon_core.package_identification:_identify(install) by extension 'ignore'
[0.188s] Level 1:colcon.colcon_core.package_identification:_identify(install) ignored
[0.188s] Level 1:colcon.colcon_core.package_identification:_identify(log) by extensions ['ignore', 'ignore_ament_install']
[0.188s] Level 1:colcon.colcon_core.package_identification:_identify(log) by extension 'ignore'
[0.188s] Level 1:colcon.colcon_core.package_identification:_identify(log) ignored
[0.188s] Level 1:colcon.colcon_core.package_identification:_identify(src) by extensions ['ignore', 'ignore_ament_install']
[0.188s] Level 1:colcon.colcon_core.package_identification:_identify(src) by extension 'ignore'
[0.188s] Level 1:colcon.colcon_core.package_identification:_identify(src) by extension 'ignore_ament_install'
[0.188s] Level 1:colcon.colcon_core.package_identification:_identify(src) by extensions ['colcon_pkg']
[0.188s] Level 1:colcon.colcon_core.package_identification:_identify(src) by extension 'colcon_pkg'
[0.188s] Level 1:colcon.colcon_core.package_identification:_identify(src) by extensions ['colcon_meta']
[0.188s] Level 1:colcon.colcon_core.package_identification:_identify(src) by extension 'colcon_meta'
[0.188s] Level 1:colcon.colcon_core.package_identification:_identify(src) by extensions ['ros']
[0.188s] Level 1:colcon.colcon_core.package_identification:_identify(src) by extension 'ros'
[0.188s] Level 1:colcon.colcon_core.package_identification:_identify(src) by extensions ['cmake', 'python']
[0.188s] Level 1:colcon.colcon_core.package_identification:_identify(src) by extension 'cmake'
[0.188s] Level 1:colcon.colcon_core.package_identification:_identify(src) by extension 'python'
[0.188s] Level 1:colcon.colcon_core.package_identification:_identify(src) by extensions ['python_setup_py']
[0.188s] Level 1:colcon.colcon_core.package_identification:_identify(src) by extension 'python_setup_py'
[0.188s] Level 1:colcon.colcon_core.package_identification:_identify(src/Universal_Robots_ROS2_Description) by extensions ['ignore', 'ignore_ament_install']
[0.188s] Level 1:colcon.colcon_core.package_identification:_identify(src/Universal_Robots_ROS2_Description) by extension 'ignore'
[0.188s] Level 1:colcon.colcon_core.package_identification:_identify(src/Universal_Robots_ROS2_Description) by extension 'ignore_ament_install'
[0.188s] Level 1:colcon.colcon_core.package_identification:_identify(src/Universal_Robots_ROS2_Description) by extensions ['colcon_pkg']
[0.188s] Level 1:colcon.colcon_core.package_identification:_identify(src/Universal_Robots_ROS2_Description) by extension 'colcon_pkg'
[0.188s] Level 1:colcon.colcon_core.package_identification:_identify(src/Universal_Robots_ROS2_Description) by extensions ['colcon_meta']
[0.188s] Level 1:colcon.colcon_core.package_identification:_identify(src/Universal_Robots_ROS2_Description) by extension 'colcon_meta'
[0.188s] Level 1:colcon.colcon_core.package_identification:_identify(src/Universal_Robots_ROS2_Description) by extensions ['ros']
[0.188s] Level 1:colcon.colcon_core.package_identification:_identify(src/Universal_Robots_ROS2_Description) by extension 'ros'
[0.190s] DEBUG:colcon.colcon_core.package_identification:Package 'src/Universal_Robots_ROS2_Description' with type 'ros.ament_cmake' and name 'ur_description'
[0.190s] Level 1:colcon.colcon_core.package_identification:_identify(src/Universal_Robots_ROS2_Gazebo_Simulation) by extensions ['ignore', 'ignore_ament_install']
[0.190s] Level 1:colcon.colcon_core.package_identification:_identify(src/Universal_Robots_ROS2_Gazebo_Simulation) by extension 'ignore'
[0.190s] Level 1:colcon.colcon_core.package_identification:_identify(src/Universal_Robots_ROS2_Gazebo_Simulation) by extension 'ignore_ament_install'
[0.190s] Level 1:colcon.colcon_core.package_identification:_identify(src/Universal_Robots_ROS2_Gazebo_Simulation) by extensions ['colcon_pkg']
[0.190s] Level 1:colcon.colcon_core.package_identification:_identify(src/Universal_Robots_ROS2_Gazebo_Simulation) by extension 'colcon_pkg'
[0.190s] Level 1:colcon.colcon_core.package_identification:_identify(src/Universal_Robots_ROS2_Gazebo_Simulation) by extensions ['colcon_meta']
[0.190s] Level 1:colcon.colcon_core.package_identification:_identify(src/Universal_Robots_ROS2_Gazebo_Simulation) by extension 'colcon_meta'
[0.190s] Level 1:colcon.colcon_core.package_identification:_identify(src/Universal_Robots_ROS2_Gazebo_Simulation) by extensions ['ros']
[0.190s] Level 1:colcon.colcon_core.package_identification:_identify(src/Universal_Robots_ROS2_Gazebo_Simulation) by extension 'ros'
[0.191s] Level 1:colcon.colcon_core.package_identification:_identify(src/Universal_Robots_ROS2_Gazebo_Simulation) by extensions ['cmake', 'python']
[0.191s] Level 1:colcon.colcon_core.package_identification:_identify(src/Universal_Robots_ROS2_Gazebo_Simulation) by extension 'cmake'
[0.191s] Level 1:colcon.colcon_core.package_identification:_identify(src/Universal_Robots_ROS2_Gazebo_Simulation) by extension 'python'
[0.191s] Level 1:colcon.colcon_core.package_identification:_identify(src/Universal_Robots_ROS2_Gazebo_Simulation) by extensions ['python_setup_py']
[0.191s] Level 1:colcon.colcon_core.package_identification:_identify(src/Universal_Robots_ROS2_Gazebo_Simulation) by extension 'python_setup_py'
[0.191s] Level 1:colcon.colcon_core.package_identification:_identify(src/Universal_Robots_ROS2_Gazebo_Simulation/ur_simulation_gazebo) by extensions ['ignore', 'ignore_ament_install']
[0.191s] Level 1:colcon.colcon_core.package_identification:_identify(src/Universal_Robots_ROS2_Gazebo_Simulation/ur_simulation_gazebo) by extension 'ignore'
[0.191s] Level 1:colcon.colcon_core.package_identification:_identify(src/Universal_Robots_ROS2_Gazebo_Simulation/ur_simulation_gazebo) by extension 'ignore_ament_install'
[0.191s] Level 1:colcon.colcon_core.package_identification:_identify(src/Universal_Robots_ROS2_Gazebo_Simulation/ur_simulation_gazebo) by extensions ['colcon_pkg']
[0.191s] Level 1:colcon.colcon_core.package_identification:_identify(src/Universal_Robots_ROS2_Gazebo_Simulation/ur_simulation_gazebo) by extension 'colcon_pkg'
[0.191s] Level 1:colcon.colcon_core.package_identification:_identify(src/Universal_Robots_ROS2_Gazebo_Simulation/ur_simulation_gazebo) by extensions ['colcon_meta']
[0.191s] Level 1:colcon.colcon_core.package_identification:_identify(src/Universal_Robots_ROS2_Gazebo_Simulation/ur_simulation_gazebo) by extension 'colcon_meta'
[0.191s] Level 1:colcon.colcon_core.package_identification:_identify(src/Universal_Robots_ROS2_Gazebo_Simulation/ur_simulation_gazebo) by extensions ['ros']
[0.191s] Level 1:colcon.colcon_core.package_identification:_identify(src/Universal_Robots_ROS2_Gazebo_Simulation/ur_simulation_gazebo) by extension 'ros'
[0.191s] DEBUG:colcon.colcon_core.package_identification:Package 'src/Universal_Robots_ROS2_Gazebo_Simulation/ur_simulation_gazebo' with type 'ros.ament_cmake' and name 'ur_simulation_gazebo'
[0.191s] Level 1:colcon.colcon_core.package_discovery:discover_packages(recursive) using defaults
[0.191s] Level 1:colcon.colcon_core.package_discovery:discover_packages(ignore) discover
[0.191s] Level 1:colcon.colcon_core.package_discovery:discover_packages(ignore) using defaults
[0.191s] Level 1:colcon.colcon_core.package_discovery:discover_packages(path) discover
[0.191s] Level 1:colcon.colcon_core.package_discovery:discover_packages(path) using defaults
[0.212s] Level 1:colcon.colcon_core.package_discovery:discover_packages(prefix_path) check parameters
[0.212s] Level 1:colcon.colcon_core.package_discovery:discover_packages(prefix_path) discover
[0.215s] DEBUG:colcon.colcon_installed_package_information.package_discovery:Found 55 installed packages in /home/m/ws_moveit2/install
[0.216s] DEBUG:colcon.colcon_installed_package_information.package_discovery:Found 407 installed packages in /opt/ros/humble
[0.218s] Level 1:colcon.colcon_core.package_discovery:discover_packages(prefix_path) using defaults
[0.250s] WARNING:colcon.colcon_core.package_selection:Some selected packages are already built in one or more underlay workspaces:
	'ur_description' is in: /opt/ros/humble
If a package in a merged underlay workspace is overridden and it installs headers, then all packages in the overlay must sort their include directories by workspace order. Failure to do so may result in build failures or undefined behavior at run time.
If the overridden package is used by another package in any underlay, then the overriding package in the overlay must be API and ABI compatible or undefined behavior at run time may occur.

If you understand the risks and want to override a package anyways, add the following to the command line:
	--allow-overriding ur_description

This may be promoted to an error in a future release of colcon-override-check.
[0.250s] Level 5:colcon.colcon_core.verb:set package 'ur_description' build argument 'cmake_args' from command line to 'None'
[0.251s] Level 5:colcon.colcon_core.verb:set package 'ur_description' build argument 'cmake_target' from command line to 'None'
[0.251s] Level 5:colcon.colcon_core.verb:set package 'ur_description' build argument 'cmake_target_skip_unavailable' from command line to 'False'
[0.251s] Level 5:colcon.colcon_core.verb:set package 'ur_description' build argument 'cmake_clean_cache' from command line to 'False'
[0.251s] Level 5:colcon.colcon_core.verb:set package 'ur_description' build argument 'cmake_clean_first' from command line to 'False'
[0.251s] Level 5:colcon.colcon_core.verb:set package 'ur_description' build argument 'cmake_force_configure' from command line to 'False'
[0.251s] Level 5:colcon.colcon_core.verb:set package 'ur_description' build argument 'ament_cmake_args' from command line to 'None'
[0.251s] Level 5:colcon.colcon_core.verb:set package 'ur_description' build argument 'catkin_cmake_args' from command line to 'None'
[0.251s] Level 5:colcon.colcon_core.verb:set package 'ur_description' build argument 'catkin_skip_building_tests' from command line to 'False'
[0.251s] DEBUG:colcon.colcon_core.verb:Building package 'ur_description' with the following arguments: {'ament_cmake_args': None, 'build_base': '/home/m/colcon_ws/build/ur_description', 'catkin_cmake_args': None, 'catkin_skip_building_tests': False, 'cmake_args': None, 'cmake_clean_cache': False, 'cmake_clean_first': False, 'cmake_force_configure': False, 'cmake_target': None, 'cmake_target_skip_unavailable': False, 'install_base': '/home/m/colcon_ws/install/ur_description', 'merge_install': False, 'path': '/home/m/colcon_ws/src/Universal_Robots_ROS2_Description', 'symlink_install': False, 'test_result_base': None}
[0.251s] Level 5:colcon.colcon_core.verb:set package 'ur_simulation_gazebo' build argument 'cmake_args' from command line to 'None'
[0.251s] Level 5:colcon.colcon_core.verb:set package 'ur_simulation_gazebo' build argument 'cmake_target' from command line to 'None'
[0.251s] Level 5:colcon.colcon_core.verb:set package 'ur_simulation_gazebo' build argument 'cmake_target_skip_unavailable' from command line to 'False'
[0.251s] Level 5:colcon.colcon_core.verb:set package 'ur_simulation_gazebo' build argument 'cmake_clean_cache' from command line to 'False'
[0.251s] Level 5:colcon.colcon_core.verb:set package 'ur_simulation_gazebo' build argument 'cmake_clean_first' from command line to 'False'
[0.251s] Level 5:colcon.colcon_core.verb:set package 'ur_simulation_gazebo' build argument 'cmake_force_configure' from command line to 'False'
[0.251s] Level 5:colcon.colcon_core.verb:set package 'ur_simulation_gazebo' build argument 'ament_cmake_args' from command line to 'None'
[0.251s] Level 5:colcon.colcon_core.verb:set package 'ur_simulation_gazebo' build argument 'catkin_cmake_args' from command line to 'None'
[0.251s] Level 5:colcon.colcon_core.verb:set package 'ur_simulation_gazebo' build argument 'catkin_skip_building_tests' from command line to 'False'
[0.251s] DEBUG:colcon.colcon_core.verb:Building package 'ur_simulation_gazebo' with the following arguments: {'ament_cmake_args': None, 'build_base': '/home/m/colcon_ws/build/ur_simulation_gazebo', 'catkin_cmake_args': None, 'catkin_skip_building_tests': False, 'cmake_args': None, 'cmake_clean_cache': False, 'cmake_clean_first': False, 'cmake_force_configure': False, 'cmake_target': None, 'cmake_target_skip_unavailable': False, 'install_base': '/home/m/colcon_ws/install/ur_simulation_gazebo', 'merge_install': False, 'path': '/home/m/colcon_ws/src/Universal_Robots_ROS2_Gazebo_Simulation/ur_simulation_gazebo', 'symlink_install': False, 'test_result_base': None}
[0.251s] INFO:colcon.colcon_core.executor:Executing jobs using 'parallel' executor
[0.252s] DEBUG:colcon.colcon_parallel_executor.executor.parallel:run_until_complete
[0.252s] INFO:colcon.colcon_ros.task.ament_cmake.build:Building ROS package in '/home/m/colcon_ws/src/Universal_Robots_ROS2_Description' with build type 'ament_cmake'
[0.252s] INFO:colcon.colcon_cmake.task.cmake.build:Building CMake package in '/home/m/colcon_ws/src/Universal_Robots_ROS2_Description'
[0.253s] INFO:colcon.colcon_core.plugin_system:Skipping extension 'colcon_core.shell.bat': Not used on non-Windows systems
[0.253s] INFO:colcon.colcon_core.shell:Skip shell extension 'powershell' for command environment: Not usable outside of PowerShell
[0.253s] DEBUG:colcon.colcon_core.shell:Skip shell extension 'dsv' for command environment
[0.262s] DEBUG:colcon.colcon_core.event_handler.log_command:Invoking command in '/home/m/colcon_ws/build/ur_description': CMAKE_PREFIX_PATH=${CMAKE_PREFIX_PATH}:/home/m/ws_moveit2/install/moveit_configs_utils:/home/m/ws_moveit2/install/launch_param_builder:/opt/ros/humble /usr/bin/cmake /home/m/colcon_ws/src/Universal_Robots_ROS2_Description -DCMAKE_INSTALL_PREFIX=/home/m/colcon_ws/install/ur_description
[1.238s] DEBUG:colcon.colcon_core.event_handler.log_command:Invoked command in '/home/m/colcon_ws/build/ur_description' returned '0': CMAKE_PREFIX_PATH=${CMAKE_PREFIX_PATH}:/home/m/ws_moveit2/install/moveit_configs_utils:/home/m/ws_moveit2/install/launch_param_builder:/opt/ros/humble /usr/bin/cmake /home/m/colcon_ws/src/Universal_Robots_ROS2_Description -DCMAKE_INSTALL_PREFIX=/home/m/colcon_ws/install/ur_description
[1.239s] DEBUG:colcon.colcon_core.event_handler.log_command:Invoking command in '/home/m/colcon_ws/build/ur_description': CMAKE_PREFIX_PATH=${CMAKE_PREFIX_PATH}:/home/m/ws_moveit2/install/moveit_configs_utils:/home/m/ws_moveit2/install/launch_param_builder:/opt/ros/humble /usr/bin/cmake --build /home/m/colcon_ws/build/ur_description -- -j12 -l12
[1.277s] DEBUG:colcon.colcon_core.event_handler.log_command:Invoked command in '/home/m/colcon_ws/build/ur_description' returned '0': CMAKE_PREFIX_PATH=${CMAKE_PREFIX_PATH}:/home/m/ws_moveit2/install/moveit_configs_utils:/home/m/ws_moveit2/install/launch_param_builder:/opt/ros/humble /usr/bin/cmake --build /home/m/colcon_ws/build/ur_description -- -j12 -l12
[1.287s] DEBUG:colcon.colcon_core.event_handler.log_command:Invoking command in '/home/m/colcon_ws/build/ur_description': CMAKE_PREFIX_PATH=${CMAKE_PREFIX_PATH}:/home/m/ws_moveit2/install/moveit_configs_utils:/home/m/ws_moveit2/install/launch_param_builder:/opt/ros/humble /usr/bin/cmake --install /home/m/colcon_ws/build/ur_description
[1.338s] Level 1:colcon.colcon_core.environment:create_environment_scripts_only(ur_description)
[1.339s] DEBUG:colcon.colcon_core.event_handler.log_command:Invoked command in '/home/m/colcon_ws/build/ur_description' returned '0': CMAKE_PREFIX_PATH=${CMAKE_PREFIX_PATH}:/home/m/ws_moveit2/install/moveit_configs_utils:/home/m/ws_moveit2/install/launch_param_builder:/opt/ros/humble /usr/bin/cmake --install /home/m/colcon_ws/build/ur_description
[1.340s] Level 1:colcon.colcon_core.environment:checking '/home/m/colcon_ws/install/ur_description' for CMake module files
[1.340s] Level 1:colcon.colcon_core.environment:checking '/home/m/colcon_ws/install/ur_description' for CMake config files
[1.341s] Level 1:colcon.colcon_core.shell:create_environment_hook('ur_description', 'cmake_prefix_path')
[1.341s] INFO:colcon.colcon_core.shell:Creating environment hook '/home/m/colcon_ws/install/ur_description/share/ur_description/hook/cmake_prefix_path.ps1'
[1.341s] INFO:colcon.colcon_core.shell:Creating environment descriptor '/home/m/colcon_ws/install/ur_description/share/ur_description/hook/cmake_prefix_path.dsv'
[1.342s] INFO:colcon.colcon_core.shell:Creating environment hook '/home/m/colcon_ws/install/ur_description/share/ur_description/hook/cmake_prefix_path.sh'
[1.342s] Level 1:colcon.colcon_core.environment:checking '/home/m/colcon_ws/install/ur_description/bin'
[1.342s] Level 1:colcon.colcon_core.environment:checking '/home/m/colcon_ws/install/ur_description/lib/pkgconfig/ur_description.pc'
[1.342s] Level 1:colcon.colcon_core.environment:checking '/home/m/colcon_ws/install/ur_description/lib/python3.10/site-packages'
[1.342s] Level 1:colcon.colcon_core.environment:checking '/home/m/colcon_ws/install/ur_description/bin'
[1.343s] INFO:colcon.colcon_core.shell:Creating package script '/home/m/colcon_ws/install/ur_description/share/ur_description/package.ps1'
[1.343s] INFO:colcon.colcon_core.shell:Creating package descriptor '/home/m/colcon_ws/install/ur_description/share/ur_description/package.dsv'
[1.343s] INFO:colcon.colcon_core.shell:Creating package script '/home/m/colcon_ws/install/ur_description/share/ur_description/package.sh'
[1.344s] INFO:colcon.colcon_core.shell:Creating package script '/home/m/colcon_ws/install/ur_description/share/ur_description/package.bash'
[1.344s] INFO:colcon.colcon_core.shell:Creating package script '/home/m/colcon_ws/install/ur_description/share/ur_description/package.zsh'
[1.345s] Level 1:colcon.colcon_core.environment:create_file_with_runtime_dependencies(/home/m/colcon_ws/install/ur_description/share/colcon-core/packages/ur_description)
[1.345s] Level 1:colcon.colcon_core.environment:create_environment_scripts_only(ur_description)
[1.345s] Level 1:colcon.colcon_core.environment:checking '/home/m/colcon_ws/install/ur_description' for CMake module files
[1.345s] Level 1:colcon.colcon_core.environment:checking '/home/m/colcon_ws/install/ur_description' for CMake config files
[1.345s] Level 1:colcon.colcon_core.shell:create_environment_hook('ur_description', 'cmake_prefix_path')
[1.346s] INFO:colcon.colcon_core.shell:Creating environment hook '/home/m/colcon_ws/install/ur_description/share/ur_description/hook/cmake_prefix_path.ps1'
[1.346s] INFO:colcon.colcon_core.shell:Creating environment descriptor '/home/m/colcon_ws/install/ur_description/share/ur_description/hook/cmake_prefix_path.dsv'
[1.346s] INFO:colcon.colcon_core.shell:Creating environment hook '/home/m/colcon_ws/install/ur_description/share/ur_description/hook/cmake_prefix_path.sh'
[1.346s] Level 1:colcon.colcon_core.environment:checking '/home/m/colcon_ws/install/ur_description/bin'
[1.346s] Level 1:colcon.colcon_core.environment:checking '/home/m/colcon_ws/install/ur_description/lib/pkgconfig/ur_description.pc'
[1.346s] Level 1:colcon.colcon_core.environment:checking '/home/m/colcon_ws/install/ur_description/lib/python3.10/site-packages'
[1.347s] Level 1:colcon.colcon_core.environment:checking '/home/m/colcon_ws/install/ur_description/bin'
[1.347s] INFO:colcon.colcon_core.shell:Creating package script '/home/m/colcon_ws/install/ur_description/share/ur_description/package.ps1'
[1.347s] INFO:colcon.colcon_core.shell:Creating package descriptor '/home/m/colcon_ws/install/ur_description/share/ur_description/package.dsv'
[1.351s] INFO:colcon.colcon_core.shell:Creating package script '/home/m/colcon_ws/install/ur_description/share/ur_description/package.sh'
[1.351s] INFO:colcon.colcon_core.shell:Creating package script '/home/m/colcon_ws/install/ur_description/share/ur_description/package.bash'
[1.352s] INFO:colcon.colcon_core.shell:Creating package script '/home/m/colcon_ws/install/ur_description/share/ur_description/package.zsh'
[1.352s] Level 1:colcon.colcon_core.environment:create_file_with_runtime_dependencies(/home/m/colcon_ws/install/ur_description/share/colcon-core/packages/ur_description)
[1.352s] INFO:colcon.colcon_ros.task.ament_cmake.build:Building ROS package in '/home/m/colcon_ws/src/Universal_Robots_ROS2_Gazebo_Simulation/ur_simulation_gazebo' with build type 'ament_cmake'
[1.352s] INFO:colcon.colcon_cmake.task.cmake.build:Building CMake package in '/home/m/colcon_ws/src/Universal_Robots_ROS2_Gazebo_Simulation/ur_simulation_gazebo'
[1.352s] INFO:colcon.colcon_core.shell:Skip shell extension 'powershell' for command environment: Not usable outside of PowerShell
[1.352s] DEBUG:colcon.colcon_core.shell:Skip shell extension 'dsv' for command environment
[1.361s] DEBUG:colcon.colcon_core.event_handler.log_command:Invoking command in '/home/m/colcon_ws/build/ur_simulation_gazebo': AMENT_PREFIX_PATH=/home/m/colcon_ws/install/ur_description:${AMENT_PREFIX_PATH} CMAKE_PREFIX_PATH=/home/m/colcon_ws/install/ur_description:/home/m/ws_moveit2/install/pilz_industrial_motion_planner_testutils:/home/m/ws_moveit2/install/moveit_runtime:/home/m/ws_moveit2/install/moveit2_tutorials:/home/m/ws_moveit2/install/moveit:/home/m/ws_moveit2/install/moveit_planners:/home/m/ws_moveit2/install/pilz_industrial_motion_planner:/home/m/ws_moveit2/install/moveit_visual_tools:/home/m/ws_moveit2/install/moveit_task_constructor_visualization:/home/m/ws_moveit2/install/moveit_task_constructor_demo:/home/m/ws_moveit2/install/moveit_task_constructor_capabilities:/home/m/ws_moveit2/install/moveit_task_constructor_core:/home/m/ws_moveit2/install/moveit_ros_control_interface:/home/m/ws_moveit2/install/moveit_plugins:/home/m/ws_moveit2/install/moveit_simple_controller_manager:/home/m/ws_moveit2/install/moveit_setup_assistant:/home/m/ws_moveit2/install/moveit_setup_srdf_plugins:/home/m/ws_moveit2/install/moveit_setup_core_plugins:/home/m/ws_moveit2/install/moveit_setup_controllers:/home/m/ws_moveit2/install/moveit_setup_app_plugins:/home/m/ws_moveit2/install/moveit_setup_framework:/home/m/ws_moveit2/install/moveit_servo:/home/m/ws_moveit2/install/moveit_ros:/home/m/ws_moveit2/install/moveit_ros_visualization:/home/m/ws_moveit2/install/moveit_hybrid_planning:/home/m/ws_moveit2/install/moveit_ros_planning_interface:/home/m/ws_moveit2/install/moveit_ros_benchmarks:/home/m/ws_moveit2/install/moveit_ros_warehouse:/home/m/ws_moveit2/install/moveit_ros_robot_interaction:/home/m/ws_moveit2/install/moveit_ros_perception:/home/m/ws_moveit2/install/moveit_resources_prbt_pg70_support:/home/m/ws_moveit2/install/moveit_resources_prbt_moveit_config:/home/m/ws_moveit2/install/moveit_ros_move_group:/home/m/ws_moveit2/install/moveit_planners_ompl:/home/m/ws_moveit2/install/moveit_ros_planning:/home/m/ws_moveit2/install/moveit_ros_occupancy_map_monitor:/home/m/ws_moveit2/install/moveit_resources_prbt_ikfast_manipulator_plugin:/home/m/ws_moveit2/install/moveit_planners_chomp:/home/m/ws_moveit2/install/moveit_kinematics:/home/m/ws_moveit2/install/moveit_chomp_optimizer_adapter:/home/m/ws_moveit2/install/chomp_motion_planner:/home/m/ws_moveit2/install/moveit_core:/home/m/ws_moveit2/install/srdfdom:/home/m/ws_moveit2/install/rviz_marker_tools:/home/m/ws_moveit2/install/rosparam_shortcuts:/home/m/ws_moveit2/install/moveit_task_constructor_msgs:/home/m/ws_moveit2/install/moveit_resources_prbt_support:/home/m/ws_moveit2/install/moveit_resources:/home/m/ws_moveit2/install/moveit_resources_pr2_description:/home/m/ws_moveit2/install/moveit_resources_panda_moveit_config:/home/m/ws_moveit2/install/moveit_resources_panda_description:/home/m/ws_moveit2/install/moveit_resources_fanuc_moveit_config:/home/m/ws_moveit2/install/moveit_resources_fanuc_description:/home/m/ws_moveit2/install/moveit_common:/home/m/ws_moveit2/install/moveit_configs_utils:/home/m/ws_moveit2/install/launch_param_builder:/opt/ros/humble /usr/bin/cmake /home/m/colcon_ws/src/Universal_Robots_ROS2_Gazebo_Simulation/ur_simulation_gazebo -DCMAKE_INSTALL_PREFIX=/home/m/colcon_ws/install/ur_simulation_gazebo
[1.932s] DEBUG:colcon.colcon_core.event_handler.log_command:Invoked command in '/home/m/colcon_ws/build/ur_simulation_gazebo' returned '0': AMENT_PREFIX_PATH=/home/m/colcon_ws/install/ur_description:${AMENT_PREFIX_PATH} CMAKE_PREFIX_PATH=/home/m/colcon_ws/install/ur_description:/home/m/ws_moveit2/install/pilz_industrial_motion_planner_testutils:/home/m/ws_moveit2/install/moveit_runtime:/home/m/ws_moveit2/install/moveit2_tutorials:/home/m/ws_moveit2/install/moveit:/home/m/ws_moveit2/install/moveit_planners:/home/m/ws_moveit2/install/pilz_industrial_motion_planner:/home/m/ws_moveit2/install/moveit_visual_tools:/home/m/ws_moveit2/install/moveit_task_constructor_visualization:/home/m/ws_moveit2/install/moveit_task_constructor_demo:/home/m/ws_moveit2/install/moveit_task_constructor_capabilities:/home/m/ws_moveit2/install/moveit_task_constructor_core:/home/m/ws_moveit2/install/moveit_ros_control_interface:/home/m/ws_moveit2/install/moveit_plugins:/home/m/ws_moveit2/install/moveit_simple_controller_manager:/home/m/ws_moveit2/install/moveit_setup_assistant:/home/m/ws_moveit2/install/moveit_setup_srdf_plugins:/home/m/ws_moveit2/install/moveit_setup_core_plugins:/home/m/ws_moveit2/install/moveit_setup_controllers:/home/m/ws_moveit2/install/moveit_setup_app_plugins:/home/m/ws_moveit2/install/moveit_setup_framework:/home/m/ws_moveit2/install/moveit_servo:/home/m/ws_moveit2/install/moveit_ros:/home/m/ws_moveit2/install/moveit_ros_visualization:/home/m/ws_moveit2/install/moveit_hybrid_planning:/home/m/ws_moveit2/install/moveit_ros_planning_interface:/home/m/ws_moveit2/install/moveit_ros_benchmarks:/home/m/ws_moveit2/install/moveit_ros_warehouse:/home/m/ws_moveit2/install/moveit_ros_robot_interaction:/home/m/ws_moveit2/install/moveit_ros_perception:/home/m/ws_moveit2/install/moveit_resources_prbt_pg70_support:/home/m/ws_moveit2/install/moveit_resources_prbt_moveit_config:/home/m/ws_moveit2/install/moveit_ros_move_group:/home/m/ws_moveit2/install/moveit_planners_ompl:/home/m/ws_moveit2/install/moveit_ros_planning:/home/m/ws_moveit2/install/moveit_ros_occupancy_map_monitor:/home/m/ws_moveit2/install/moveit_resources_prbt_ikfast_manipulator_plugin:/home/m/ws_moveit2/install/moveit_planners_chomp:/home/m/ws_moveit2/install/moveit_kinematics:/home/m/ws_moveit2/install/moveit_chomp_optimizer_adapter:/home/m/ws_moveit2/install/chomp_motion_planner:/home/m/ws_moveit2/install/moveit_core:/home/m/ws_moveit2/install/srdfdom:/home/m/ws_moveit2/install/rviz_marker_tools:/home/m/ws_moveit2/install/rosparam_shortcuts:/home/m/ws_moveit2/install/moveit_task_constructor_msgs:/home/m/ws_moveit2/install/moveit_resources_prbt_support:/home/m/ws_moveit2/install/moveit_resources:/home/m/ws_moveit2/install/moveit_resources_pr2_description:/home/m/ws_moveit2/install/moveit_resources_panda_moveit_config:/home/m/ws_moveit2/install/moveit_resources_panda_description:/home/m/ws_moveit2/install/moveit_resources_fanuc_moveit_config:/home/m/ws_moveit2/install/moveit_resources_fanuc_description:/home/m/ws_moveit2/install/moveit_common:/home/m/ws_moveit2/install/moveit_configs_utils:/home/m/ws_moveit2/install/launch_param_builder:/opt/ros/humble /usr/bin/cmake /home/m/colcon_ws/src/Universal_Robots_ROS2_Gazebo_Simulation/ur_simulation_gazebo -DCMAKE_INSTALL_PREFIX=/home/m/colcon_ws/install/ur_simulation_gazebo
[1.933s] DEBUG:colcon.colcon_core.event_handler.log_command:Invoking command in '/home/m/colcon_ws/build/ur_simulation_gazebo': AMENT_PREFIX_PATH=/home/m/colcon_ws/install/ur_description:${AMENT_PREFIX_PATH} CMAKE_PREFIX_PATH=/home/m/colcon_ws/install/ur_description:/home/m/ws_moveit2/install/pilz_industrial_motion_planner_testutils:/home/m/ws_moveit2/install/moveit_runtime:/home/m/ws_moveit2/install/moveit2_tutorials:/home/m/ws_moveit2/install/moveit:/home/m/ws_moveit2/install/moveit_planners:/home/m/ws_moveit2/install/pilz_industrial_motion_planner:/home/m/ws_moveit2/install/moveit_visual_tools:/home/m/ws_moveit2/install/moveit_task_constructor_visualization:/home/m/ws_moveit2/install/moveit_task_constructor_demo:/home/m/ws_moveit2/install/moveit_task_constructor_capabilities:/home/m/ws_moveit2/install/moveit_task_constructor_core:/home/m/ws_moveit2/install/moveit_ros_control_interface:/home/m/ws_moveit2/install/moveit_plugins:/home/m/ws_moveit2/install/moveit_simple_controller_manager:/home/m/ws_moveit2/install/moveit_setup_assistant:/home/m/ws_moveit2/install/moveit_setup_srdf_plugins:/home/m/ws_moveit2/install/moveit_setup_core_plugins:/home/m/ws_moveit2/install/moveit_setup_controllers:/home/m/ws_moveit2/install/moveit_setup_app_plugins:/home/m/ws_moveit2/install/moveit_setup_framework:/home/m/ws_moveit2/install/moveit_servo:/home/m/ws_moveit2/install/moveit_ros:/home/m/ws_moveit2/install/moveit_ros_visualization:/home/m/ws_moveit2/install/moveit_hybrid_planning:/home/m/ws_moveit2/install/moveit_ros_planning_interface:/home/m/ws_moveit2/install/moveit_ros_benchmarks:/home/m/ws_moveit2/install/moveit_ros_warehouse:/home/m/ws_moveit2/install/moveit_ros_robot_interaction:/home/m/ws_moveit2/install/moveit_ros_perception:/home/m/ws_moveit2/install/moveit_resources_prbt_pg70_support:/home/m/ws_moveit2/install/moveit_resources_prbt_moveit_config:/home/m/ws_moveit2/install/moveit_ros_move_group:/home/m/ws_moveit2/install/moveit_planners_ompl:/home/m/ws_moveit2/install/moveit_ros_planning:/home/m/ws_moveit2/install/moveit_ros_occupancy_map_monitor:/home/m/ws_moveit2/install/moveit_resources_prbt_ikfast_manipulator_plugin:/home/m/ws_moveit2/install/moveit_planners_chomp:/home/m/ws_moveit2/install/moveit_kinematics:/home/m/ws_moveit2/install/moveit_chomp_optimizer_adapter:/home/m/ws_moveit2/install/chomp_motion_planner:/home/m/ws_moveit2/install/moveit_core:/home/m/ws_moveit2/install/srdfdom:/home/m/ws_moveit2/install/rviz_marker_tools:/home/m/ws_moveit2/install/rosparam_shortcuts:/home/m/ws_moveit2/install/moveit_task_constructor_msgs:/home/m/ws_moveit2/install/moveit_resources_prbt_support:/home/m/ws_moveit2/install/moveit_resources:/home/m/ws_moveit2/install/moveit_resources_pr2_description:/home/m/ws_moveit2/install/moveit_resources_panda_moveit_config:/home/m/ws_moveit2/install/moveit_resources_panda_description:/home/m/ws_moveit2/install/moveit_resources_fanuc_moveit_config:/home/m/ws_moveit2/install/moveit_resources_fanuc_description:/home/m/ws_moveit2/install/moveit_common:/home/m/ws_moveit2/install/moveit_configs_utils:/home/m/ws_moveit2/install/launch_param_builder:/opt/ros/humble /usr/bin/cmake --build /home/m/colcon_ws/build/ur_simulation_gazebo -- -j12 -l12
[1.969s] DEBUG:colcon.colcon_core.event_handler.log_command:Invoked command in '/home/m/colcon_ws/build/ur_simulation_gazebo' returned '0': AMENT_PREFIX_PATH=/home/m/colcon_ws/install/ur_description:${AMENT_PREFIX_PATH} CMAKE_PREFIX_PATH=/home/m/colcon_ws/install/ur_description:/home/m/ws_moveit2/install/pilz_industrial_motion_planner_testutils:/home/m/ws_moveit2/install/moveit_runtime:/home/m/ws_moveit2/install/moveit2_tutorials:/home/m/ws_moveit2/install/moveit:/home/m/ws_moveit2/install/moveit_planners:/home/m/ws_moveit2/install/pilz_industrial_motion_planner:/home/m/ws_moveit2/install/moveit_visual_tools:/home/m/ws_moveit2/install/moveit_task_constructor_visualization:/home/m/ws_moveit2/install/moveit_task_constructor_demo:/home/m/ws_moveit2/install/moveit_task_constructor_capabilities:/home/m/ws_moveit2/install/moveit_task_constructor_core:/home/m/ws_moveit2/install/moveit_ros_control_interface:/home/m/ws_moveit2/install/moveit_plugins:/home/m/ws_moveit2/install/moveit_simple_controller_manager:/home/m/ws_moveit2/install/moveit_setup_assistant:/home/m/ws_moveit2/install/moveit_setup_srdf_plugins:/home/m/ws_moveit2/install/moveit_setup_core_plugins:/home/m/ws_moveit2/install/moveit_setup_controllers:/home/m/ws_moveit2/install/moveit_setup_app_plugins:/home/m/ws_moveit2/install/moveit_setup_framework:/home/m/ws_moveit2/install/moveit_servo:/home/m/ws_moveit2/install/moveit_ros:/home/m/ws_moveit2/install/moveit_ros_visualization:/home/m/ws_moveit2/install/moveit_hybrid_planning:/home/m/ws_moveit2/install/moveit_ros_planning_interface:/home/m/ws_moveit2/install/moveit_ros_benchmarks:/home/m/ws_moveit2/install/moveit_ros_warehouse:/home/m/ws_moveit2/install/moveit_ros_robot_interaction:/home/m/ws_moveit2/install/moveit_ros_perception:/home/m/ws_moveit2/install/moveit_resources_prbt_pg70_support:/home/m/ws_moveit2/install/moveit_resources_prbt_moveit_config:/home/m/ws_moveit2/install/moveit_ros_move_group:/home/m/ws_moveit2/install/moveit_planners_ompl:/home/m/ws_moveit2/install/moveit_ros_planning:/home/m/ws_moveit2/install/moveit_ros_occupancy_map_monitor:/home/m/ws_moveit2/install/moveit_resources_prbt_ikfast_manipulator_plugin:/home/m/ws_moveit2/install/moveit_planners_chomp:/home/m/ws_moveit2/install/moveit_kinematics:/home/m/ws_moveit2/install/moveit_chomp_optimizer_adapter:/home/m/ws_moveit2/install/chomp_motion_planner:/home/m/ws_moveit2/install/moveit_core:/home/m/ws_moveit2/install/srdfdom:/home/m/ws_moveit2/install/rviz_marker_tools:/home/m/ws_moveit2/install/rosparam_shortcuts:/home/m/ws_moveit2/install/moveit_task_constructor_msgs:/home/m/ws_moveit2/install/moveit_resources_prbt_support:/home/m/ws_moveit2/install/moveit_resources:/home/m/ws_moveit2/install/moveit_resources_pr2_description:/home/m/ws_moveit2/install/moveit_resources_panda_moveit_config:/home/m/ws_moveit2/install/moveit_resources_panda_description:/home/m/ws_moveit2/install/moveit_resources_fanuc_moveit_config:/home/m/ws_moveit2/install/moveit_resources_fanuc_description:/home/m/ws_moveit2/install/moveit_common:/home/m/ws_moveit2/install/moveit_configs_utils:/home/m/ws_moveit2/install/launch_param_builder:/opt/ros/humble /usr/bin/cmake --build /home/m/colcon_ws/build/ur_simulation_gazebo -- -j12 -l12
[1.970s] DEBUG:colcon.colcon_core.event_handler.log_command:Invoking command in '/home/m/colcon_ws/build/ur_simulation_gazebo': AMENT_PREFIX_PATH=/home/m/colcon_ws/install/ur_description:${AMENT_PREFIX_PATH} CMAKE_PREFIX_PATH=/home/m/colcon_ws/install/ur_description:/home/m/ws_moveit2/install/pilz_industrial_motion_planner_testutils:/home/m/ws_moveit2/install/moveit_runtime:/home/m/ws_moveit2/install/moveit2_tutorials:/home/m/ws_moveit2/install/moveit:/home/m/ws_moveit2/install/moveit_planners:/home/m/ws_moveit2/install/pilz_industrial_motion_planner:/home/m/ws_moveit2/install/moveit_visual_tools:/home/m/ws_moveit2/install/moveit_task_constructor_visualization:/home/m/ws_moveit2/install/moveit_task_constructor_demo:/home/m/ws_moveit2/install/moveit_task_constructor_capabilities:/home/m/ws_moveit2/install/moveit_task_constructor_core:/home/m/ws_moveit2/install/moveit_ros_control_interface:/home/m/ws_moveit2/install/moveit_plugins:/home/m/ws_moveit2/install/moveit_simple_controller_manager:/home/m/ws_moveit2/install/moveit_setup_assistant:/home/m/ws_moveit2/install/moveit_setup_srdf_plugins:/home/m/ws_moveit2/install/moveit_setup_core_plugins:/home/m/ws_moveit2/install/moveit_setup_controllers:/home/m/ws_moveit2/install/moveit_setup_app_plugins:/home/m/ws_moveit2/install/moveit_setup_framework:/home/m/ws_moveit2/install/moveit_servo:/home/m/ws_moveit2/install/moveit_ros:/home/m/ws_moveit2/install/moveit_ros_visualization:/home/m/ws_moveit2/install/moveit_hybrid_planning:/home/m/ws_moveit2/install/moveit_ros_planning_interface:/home/m/ws_moveit2/install/moveit_ros_benchmarks:/home/m/ws_moveit2/install/moveit_ros_warehouse:/home/m/ws_moveit2/install/moveit_ros_robot_interaction:/home/m/ws_moveit2/install/moveit_ros_perception:/home/m/ws_moveit2/install/moveit_resources_prbt_pg70_support:/home/m/ws_moveit2/install/moveit_resources_prbt_moveit_config:/home/m/ws_moveit2/install/moveit_ros_move_group:/home/m/ws_moveit2/install/moveit_planners_ompl:/home/m/ws_moveit2/install/moveit_ros_planning:/home/m/ws_moveit2/install/moveit_ros_occupancy_map_monitor:/home/m/ws_moveit2/install/moveit_resources_prbt_ikfast_manipulator_plugin:/home/m/ws_moveit2/install/moveit_planners_chomp:/home/m/ws_moveit2/install/moveit_kinematics:/home/m/ws_moveit2/install/moveit_chomp_optimizer_adapter:/home/m/ws_moveit2/install/chomp_motion_planner:/home/m/ws_moveit2/install/moveit_core:/home/m/ws_moveit2/install/srdfdom:/home/m/ws_moveit2/install/rviz_marker_tools:/home/m/ws_moveit2/install/rosparam_shortcuts:/home/m/ws_moveit2/install/moveit_task_constructor_msgs:/home/m/ws_moveit2/install/moveit_resources_prbt_support:/home/m/ws_moveit2/install/moveit_resources:/home/m/ws_moveit2/install/moveit_resources_pr2_description:/home/m/ws_moveit2/install/moveit_resources_panda_moveit_config:/home/m/ws_moveit2/install/moveit_resources_panda_description:/home/m/ws_moveit2/install/moveit_resources_fanuc_moveit_config:/home/m/ws_moveit2/install/moveit_resources_fanuc_description:/home/m/ws_moveit2/install/moveit_common:/home/m/ws_moveit2/install/moveit_configs_utils:/home/m/ws_moveit2/install/launch_param_builder:/opt/ros/humble /usr/bin/cmake --install /home/m/colcon_ws/build/ur_simulation_gazebo
[1.982s] Level 1:colcon.colcon_core.environment:create_environment_scripts_only(ur_simulation_gazebo)
[1.983s] Level 1:colcon.colcon_core.environment:checking '/home/m/colcon_ws/install/ur_simulation_gazebo' for CMake module files
[1.983s] DEBUG:colcon.colcon_core.event_handler.log_command:Invoked command in '/home/m/colcon_ws/build/ur_simulation_gazebo' returned '0': AMENT_PREFIX_PATH=/home/m/colcon_ws/install/ur_description:${AMENT_PREFIX_PATH} CMAKE_PREFIX_PATH=/home/m/colcon_ws/install/ur_description:/home/m/ws_moveit2/install/pilz_industrial_motion_planner_testutils:/home/m/ws_moveit2/install/moveit_runtime:/home/m/ws_moveit2/install/moveit2_tutorials:/home/m/ws_moveit2/install/moveit:/home/m/ws_moveit2/install/moveit_planners:/home/m/ws_moveit2/install/pilz_industrial_motion_planner:/home/m/ws_moveit2/install/moveit_visual_tools:/home/m/ws_moveit2/install/moveit_task_constructor_visualization:/home/m/ws_moveit2/install/moveit_task_constructor_demo:/home/m/ws_moveit2/install/moveit_task_constructor_capabilities:/home/m/ws_moveit2/install/moveit_task_constructor_core:/home/m/ws_moveit2/install/moveit_ros_control_interface:/home/m/ws_moveit2/install/moveit_plugins:/home/m/ws_moveit2/install/moveit_simple_controller_manager:/home/m/ws_moveit2/install/moveit_setup_assistant:/home/m/ws_moveit2/install/moveit_setup_srdf_plugins:/home/m/ws_moveit2/install/moveit_setup_core_plugins:/home/m/ws_moveit2/install/moveit_setup_controllers:/home/m/ws_moveit2/install/moveit_setup_app_plugins:/home/m/ws_moveit2/install/moveit_setup_framework:/home/m/ws_moveit2/install/moveit_servo:/home/m/ws_moveit2/install/moveit_ros:/home/m/ws_moveit2/install/moveit_ros_visualization:/home/m/ws_moveit2/install/moveit_hybrid_planning:/home/m/ws_moveit2/install/moveit_ros_planning_interface:/home/m/ws_moveit2/install/moveit_ros_benchmarks:/home/m/ws_moveit2/install/moveit_ros_warehouse:/home/m/ws_moveit2/install/moveit_ros_robot_interaction:/home/m/ws_moveit2/install/moveit_ros_perception:/home/m/ws_moveit2/install/moveit_resources_prbt_pg70_support:/home/m/ws_moveit2/install/moveit_resources_prbt_moveit_config:/home/m/ws_moveit2/install/moveit_ros_move_group:/home/m/ws_moveit2/install/moveit_planners_ompl:/home/m/ws_moveit2/install/moveit_ros_planning:/home/m/ws_moveit2/install/moveit_ros_occupancy_map_monitor:/home/m/ws_moveit2/install/moveit_resources_prbt_ikfast_manipulator_plugin:/home/m/ws_moveit2/install/moveit_planners_chomp:/home/m/ws_moveit2/install/moveit_kinematics:/home/m/ws_moveit2/install/moveit_chomp_optimizer_adapter:/home/m/ws_moveit2/install/chomp_motion_planner:/home/m/ws_moveit2/install/moveit_core:/home/m/ws_moveit2/install/srdfdom:/home/m/ws_moveit2/install/rviz_marker_tools:/home/m/ws_moveit2/install/rosparam_shortcuts:/home/m/ws_moveit2/install/moveit_task_constructor_msgs:/home/m/ws_moveit2/install/moveit_resources_prbt_support:/home/m/ws_moveit2/install/moveit_resources:/home/m/ws_moveit2/install/moveit_resources_pr2_description:/home/m/ws_moveit2/install/moveit_resources_panda_moveit_config:/home/m/ws_moveit2/install/moveit_resources_panda_description:/home/m/ws_moveit2/install/moveit_resources_fanuc_moveit_config:/home/m/ws_moveit2/install/moveit_resources_fanuc_description:/home/m/ws_moveit2/install/moveit_common:/home/m/ws_moveit2/install/moveit_configs_utils:/home/m/ws_moveit2/install/launch_param_builder:/opt/ros/humble /usr/bin/cmake --install /home/m/colcon_ws/build/ur_simulation_gazebo
[1.983s] Level 1:colcon.colcon_core.environment:checking '/home/m/colcon_ws/install/ur_simulation_gazebo' for CMake config files
[1.983s] Level 1:colcon.colcon_core.shell:create_environment_hook('ur_simulation_gazebo', 'cmake_prefix_path')
[1.983s] INFO:colcon.colcon_core.shell:Creating environment hook '/home/m/colcon_ws/install/ur_simulation_gazebo/share/ur_simulation_gazebo/hook/cmake_prefix_path.ps1'
[1.984s] INFO:colcon.colcon_core.shell:Creating environment descriptor '/home/m/colcon_ws/install/ur_simulation_gazebo/share/ur_simulation_gazebo/hook/cmake_prefix_path.dsv'
[1.984s] INFO:colcon.colcon_core.shell:Creating environment hook '/home/m/colcon_ws/install/ur_simulation_gazebo/share/ur_simulation_gazebo/hook/cmake_prefix_path.sh'
[1.984s] Level 1:colcon.colcon_core.environment:checking '/home/m/colcon_ws/install/ur_simulation_gazebo/bin'
[1.984s] Level 1:colcon.colcon_core.environment:checking '/home/m/colcon_ws/install/ur_simulation_gazebo/lib/pkgconfig/ur_simulation_gazebo.pc'
[1.984s] Level 1:colcon.colcon_core.environment:checking '/home/m/colcon_ws/install/ur_simulation_gazebo/lib/python3.10/site-packages'
[1.985s] Level 1:colcon.colcon_core.environment:checking '/home/m/colcon_ws/install/ur_simulation_gazebo/bin'
[1.985s] INFO:colcon.colcon_core.shell:Creating package script '/home/m/colcon_ws/install/ur_simulation_gazebo/share/ur_simulation_gazebo/package.ps1'
[1.985s] INFO:colcon.colcon_core.shell:Creating package descriptor '/home/m/colcon_ws/install/ur_simulation_gazebo/share/ur_simulation_gazebo/package.dsv'
[1.985s] INFO:colcon.colcon_core.shell:Creating package script '/home/m/colcon_ws/install/ur_simulation_gazebo/share/ur_simulation_gazebo/package.sh'
[1.986s] INFO:colcon.colcon_core.shell:Creating package script '/home/m/colcon_ws/install/ur_simulation_gazebo/share/ur_simulation_gazebo/package.bash'
[1.986s] INFO:colcon.colcon_core.shell:Creating package script '/home/m/colcon_ws/install/ur_simulation_gazebo/share/ur_simulation_gazebo/package.zsh'
[1.986s] Level 1:colcon.colcon_core.environment:create_file_with_runtime_dependencies(/home/m/colcon_ws/install/ur_simulation_gazebo/share/colcon-core/packages/ur_simulation_gazebo)
[1.986s] Level 1:colcon.colcon_core.environment:create_environment_scripts_only(ur_simulation_gazebo)
[1.986s] Level 1:colcon.colcon_core.environment:checking '/home/m/colcon_ws/install/ur_simulation_gazebo' for CMake module files
[1.987s] Level 1:colcon.colcon_core.environment:checking '/home/m/colcon_ws/install/ur_simulation_gazebo' for CMake config files
[1.987s] Level 1:colcon.colcon_core.shell:create_environment_hook('ur_simulation_gazebo', 'cmake_prefix_path')
[1.987s] INFO:colcon.colcon_core.shell:Creating environment hook '/home/m/colcon_ws/install/ur_simulation_gazebo/share/ur_simulation_gazebo/hook/cmake_prefix_path.ps1'
[1.987s] INFO:colcon.colcon_core.shell:Creating environment descriptor '/home/m/colcon_ws/install/ur_simulation_gazebo/share/ur_simulation_gazebo/hook/cmake_prefix_path.dsv'
[1.987s] INFO:colcon.colcon_core.shell:Creating environment hook '/home/m/colcon_ws/install/ur_simulation_gazebo/share/ur_simulation_gazebo/hook/cmake_prefix_path.sh'
[1.988s] Level 1:colcon.colcon_core.environment:checking '/home/m/colcon_ws/install/ur_simulation_gazebo/bin'
[1.988s] Level 1:colcon.colcon_core.environment:checking '/home/m/colcon_ws/install/ur_simulation_gazebo/lib/pkgconfig/ur_simulation_gazebo.pc'
[1.988s] Level 1:colcon.colcon_core.environment:checking '/home/m/colcon_ws/install/ur_simulation_gazebo/lib/python3.10/site-packages'
[1.988s] Level 1:colcon.colcon_core.environment:checking '/home/m/colcon_ws/install/ur_simulation_gazebo/bin'
[1.988s] INFO:colcon.colcon_core.shell:Creating package script '/home/m/colcon_ws/install/ur_simulation_gazebo/share/ur_simulation_gazebo/package.ps1'
[1.988s] INFO:colcon.colcon_core.shell:Creating package descriptor '/home/m/colcon_ws/install/ur_simulation_gazebo/share/ur_simulation_gazebo/package.dsv'
[1.989s] INFO:colcon.colcon_core.shell:Creating package script '/home/m/colcon_ws/install/ur_simulation_gazebo/share/ur_simulation_gazebo/package.sh'
[1.989s] INFO:colcon.colcon_core.shell:Creating package script '/home/m/colcon_ws/install/ur_simulation_gazebo/share/ur_simulation_gazebo/package.bash'
[1.989s] INFO:colcon.colcon_core.shell:Creating package script '/home/m/colcon_ws/install/ur_simulation_gazebo/share/ur_simulation_gazebo/package.zsh'
[1.989s] Level 1:colcon.colcon_core.environment:create_file_with_runtime_dependencies(/home/m/colcon_ws/install/ur_simulation_gazebo/share/colcon-core/packages/ur_simulation_gazebo)
[1.989s] DEBUG:colcon.colcon_parallel_executor.executor.parallel:closing loop
[1.990s] DEBUG:colcon.colcon_parallel_executor.executor.parallel:loop closed
[1.990s] DEBUG:colcon.colcon_parallel_executor.executor.parallel:run_until_complete finished with '0'
[1.990s] DEBUG:colcon.colcon_core.event_reactor:joining thread
[1.993s] INFO:colcon.colcon_core.plugin_system:Skipping extension 'colcon_notification.desktop_notification.terminal_notifier': Not used on non-Darwin systems
[1.993s] INFO:colcon.colcon_core.plugin_system:Skipping extension 'colcon_notification.desktop_notification.win32': Not used on non-Windows systems
[1.993s] INFO:colcon.colcon_notification.desktop_notification:Sending desktop notification using 'notify2'
[2.003s] DEBUG:colcon.colcon_core.event_reactor:joined thread
[2.003s] INFO:colcon.colcon_core.shell:Creating prefix script '/home/m/colcon_ws/install/local_setup.ps1'
[2.004s] INFO:colcon.colcon_core.shell:Creating prefix util module '/home/m/colcon_ws/install/_local_setup_util_ps1.py'
[2.006s] INFO:colcon.colcon_core.shell:Creating prefix chain script '/home/m/colcon_ws/install/setup.ps1'
[2.008s] INFO:colcon.colcon_core.shell:Creating prefix script '/home/m/colcon_ws/install/local_setup.sh'
[2.009s] INFO:colcon.colcon_core.shell:Creating prefix util module '/home/m/colcon_ws/install/_local_setup_util_sh.py'
[2.009s] INFO:colcon.colcon_core.shell:Creating prefix chain script '/home/m/colcon_ws/install/setup.sh'
[2.012s] INFO:colcon.colcon_core.shell:Creating prefix script '/home/m/colcon_ws/install/local_setup.bash'
[2.012s] INFO:colcon.colcon_core.shell:Creating prefix chain script '/home/m/colcon_ws/install/setup.bash'
[2.015s] INFO:colcon.colcon_core.shell:Creating prefix script '/home/m/colcon_ws/install/local_setup.zsh'
[2.015s] INFO:colcon.colcon_core.shell:Creating prefix chain script '/home/m/colcon_ws/install/setup.zsh'
